<?xml version="1.0" encoding="UTF-8"?>
<!-- Generated by org.testng.reporters.JUnitReportReporter -->
<testsuite hostname="DESKTOP-DALS8PH" failures="0" tests="3" name="testCases.Tc_03Us_Select" time="84.996" errors="1" timestamp="2026-03-01T16:36:48 IST" skipped="1">
  <testcase classname="testCases.Tc_03Us_Select" name="Tc_03" time="60.402"/>
  <testcase classname="testCases.Tc_03Us_Select" name="Tc_03" time="0.000">
    <skipped/>
  </testcase> <!-- Tc_03 -->
  <testcase classname="testCases.Tc_03Us_Select" name="Appiumconfig" time="24.594">
    <error message="Could not start a new session. Response code 500. Message: An unknown server-side error occurred while processing the command. Original error: Cannot start the &#039;com.androidsample.generalstore&#039; application. Consider checking the driver&#039;s troubleshooting documentation. Original error: &#039;com.androidsample.generalstore.SplashActivity&#039; or &#039;com.androidsample.generalstore.com.androidsample.generalstore.SplashActivity&#039; never started. Consider checking the driver&#039;s troubleshooting documentation. 
Host info: host: &#039;DESKTOP-DALS8PH&#039;, ip: &#039;192.168.2.101&#039;
Build info: version: &#039;4.41.0&#039;, revision: &#039;9fc754f&#039;
System info: os.name: &#039;Windows 11&#039;, os.arch: &#039;amd64&#039;, os.version: &#039;10.0&#039;, java.version: &#039;21.0.9&#039;
Driver info: io.appium.java_client.android.AndroidDriver
Command: [null, newSession {capabilities=[Capabilities {appium:app: C://Workspace//Jan2026Batch..., appium:automationName: UIAutomator2, appium:chromedriverExecutable: C://Users//Owais//Downloads..., appium:deviceName: emulator-5554, platformName: ANDROID}]}]
Capabilities {appium:app: C://Workspace//Jan2026Batch..., appium:automationName: UIAutomator2, appium:chromedriverExecutable: C://Users//Owais//Downloads..., appium:deviceName: emulator-5554, platformName: ANDROID}" type="org.openqa.selenium.SessionNotCreatedException">
      <![CDATA[org.openqa.selenium.SessionNotCreatedException: Could not start a new session. Response code 500. Message: An unknown server-side error occurred while processing the command. Original error: Cannot start the 'com.androidsample.generalstore' application. Consider checking the driver's troubleshooting documentation. Original error: 'com.androidsample.generalstore.SplashActivity' or 'com.androidsample.generalstore.com.androidsample.generalstore.SplashActivity' never started. Consider checking the driver's troubleshooting documentation. 
Host info: host: 'DESKTOP-DALS8PH', ip: '192.168.2.101'
Build info: version: '4.41.0', revision: '9fc754f'
System info: os.name: 'Windows 11', os.arch: 'amd64', os.version: '10.0', java.version: '21.0.9'
Driver info: io.appium.java_client.android.AndroidDriver
Command: [null, newSession {capabilities=[Capabilities {appium:app: C://Workspace//Jan2026Batch..., appium:automationName: UIAutomator2, appium:chromedriverExecutable: C://Users//Owais//Downloads..., appium:deviceName: emulator-5554, platformName: ANDROID}]}]
Capabilities {appium:app: C://Workspace//Jan2026Batch..., appium:automationName: UIAutomator2, appium:chromedriverExecutable: C://Users//Owais//Downloads..., appium:deviceName: emulator-5554, platformName: ANDROID}
at org.openqa.selenium.remote.ProtocolHandshake.createSession(ProtocolHandshake.java:114)
at org.openqa.selenium.remote.ProtocolHandshake.createSession(ProtocolHandshake.java:75)
at org.openqa.selenium.remote.ProtocolHandshake.createSession(ProtocolHandshake.java:61)
at io.appium.java_client.remote.AppiumCommandExecutor.createSession(AppiumCommandExecutor.java:178)
at io.appium.java_client.remote.AppiumCommandExecutor.execute(AppiumCommandExecutor.java:243)
at org.openqa.selenium.remote.RemoteWebDriver.execute(RemoteWebDriver.java:604)
at io.appium.java_client.AppiumDriver.startSession(AppiumDriver.java:308)
at org.openqa.selenium.remote.RemoteWebDriver.<init>(RemoteWebDriver.java:211)
at org.openqa.selenium.remote.RemoteWebDriver.<init>(RemoteWebDriver.java:197)
at io.appium.java_client.AppiumDriver.<init>(AppiumDriver.java:98)
at io.appium.java_client.AppiumDriver.<init>(AppiumDriver.java:109)
at io.appium.java_client.android.AndroidDriver.<init>(AndroidDriver.java:108)
at testBase.BaseClass.Appiumconfig(BaseClass.java:29)
at java.base/jdk.internal.reflect.DirectMethodHandleAccessor.invoke(DirectMethodHandleAccessor.java:103)
at java.base/java.lang.reflect.Method.invoke(Method.java:580)
at org.testng.internal.invokers.MethodInvocationHelper.invokeMethod(MethodInvocationHelper.java:141)
at org.testng.internal.invokers.MethodInvocationHelper.invokeMethodConsideringTimeout(MethodInvocationHelper.java:71)
at org.testng.internal.invokers.ConfigInvoker.invokeConfigurationMethod(ConfigInvoker.java:400)
at org.testng.internal.invokers.ConfigInvoker.invokeConfigurations(ConfigInvoker.java:333)
at org.testng.internal.invokers.TestMethodWorker.invokeBeforeClassMethods(TestMethodWorker.java:188)
at org.testng.internal.invokers.TestMethodWorker.run(TestMethodWorker.java:128)
at java.base/java.util.concurrent.Executors$RunnableAdapter.call(Executors.java:572)
at java.base/java.util.concurrent.FutureTask.run(FutureTask.java:317)
at org.testng.internal.thread.graph.TestNGFutureTask.run(TestNGFutureTask.java:22)
at java.base/java.util.concurrent.ThreadPoolExecutor.runWorker(ThreadPoolExecutor.java:1144)
at java.base/java.util.concurrent.ThreadPoolExecutor$Worker.run(ThreadPoolExecutor.java:642)
at java.base/java.lang.Thread.run(Thread.java:1583)
]]>
    </error>
  </testcase> <!-- Appiumconfig -->
</testsuite> <!-- testCases.Tc_03Us_Select -->
